{"C:\\Users\\austi\\Desktop\\Listy-Project\\server\\index.ts": {"path":"C:\\Users\\austi\\Desktop\\Listy-Project\\server\\index.ts","statementMap":{"0":{"start":{"line":1,"column":16},"end":{"line":1,"column":34}},"1":{"start":{"line":2,"column":17},"end":{"line":2,"column":36}},"2":{"start":{"line":3,"column":13},"end":{"line":3,"column":28}},"3":{"start":{"line":4,"column":0},"end":{"line":4,"column":27}},"4":{"start":{"line":5,"column":17},"end":{"line":5,"column":50}},"5":{"start":{"line":6,"column":18},"end":{"line":6,"column":43}},"6":{"start":{"line":8,"column":12},"end":{"line":8,"column":21}},"7":{"start":{"line":9,"column":0},"end":{"line":9,"column":16}},"8":{"start":{"line":11,"column":13},"end":{"line":11,"column":17}},"9":{"start":{"line":14,"column":0},"end":{"line":14,"column":24}},"10":{"start":{"line":17,"column":0},"end":{"line":17,"column":33}},"11":{"start":{"line":19,"column":17},"end":{"line":19,"column":38}},"12":{"start":{"line":21,"column":0},"end":{"line":21,"column":27}},"13":{"start":{"line":23,"column":19},"end":{"line":23,"column":38}},"14":{"start":{"line":24,"column":0},"end":{"line":24,"column":79}},"15":{"start":{"line":24,"column":30},"end":{"line":24,"column":77}},"16":{"start":{"line":26,"column":0},"end":{"line":28,"column":3}},"17":{"start":{"line":27,"column":2},"end":{"line":27,"column":58}},"18":{"start":{"line":30,"column":0},"end":{"line":30,"column":21}}},"fnMap":{"0":{"name":"(anonymous_0)","decl":{"start":{"line":24,"column":24},"end":{"line":24,"column":27}},"loc":{"start":{"line":24,"column":30},"end":{"line":24,"column":77}}},"1":{"name":"(anonymous_1)","decl":{"start":{"line":26,"column":17},"end":{"line":26,"column":20}},"loc":{"start":{"line":26,"column":22},"end":{"line":28,"column":1}}}},"branchMap":{},"s":{"0":1,"1":1,"2":1,"3":1,"4":1,"5":1,"6":1,"7":1,"8":1,"9":1,"10":1,"11":1,"12":1,"13":1,"14":1,"15":1,"16":1,"17":1,"18":1},"f":{"0":1,"1":1},"b":{}}
,"C:\\Users\\austi\\Desktop\\Listy-Project\\server\\Models\\Post.ts": {"path":"C:\\Users\\austi\\Desktop\\Listy-Project\\server\\Models\\Post.ts","statementMap":{"0":{"start":{"line":1,"column":0},"end":{"line":1,"column":32}},"1":{"start":{"line":3,"column":19},"end":{"line":28,"column":2}},"2":{"start":{"line":30,"column":13},"end":{"line":30,"column":47}},"3":{"start":{"line":32,"column":0},"end":{"line":32,"column":22}}},"fnMap":{},"branchMap":{},"s":{"0":1,"1":1,"2":1,"3":1},"f":{},"b":{}}
,"C:\\Users\\austi\\Desktop\\Listy-Project\\server\\controllers\\posts.ts": {"path":"C:\\Users\\austi\\Desktop\\Listy-Project\\server\\controllers\\posts.ts","statementMap":{"0":{"start":{"line":1,"column":13},"end":{"line":1,"column":38}},"1":{"start":{"line":5,"column":14},"end":{"line":60,"column":2}},"2":{"start":{"line":6,"column":49},"end":{"line":22,"column":null}},"3":{"start":{"line":7,"column":4},"end":{"line":21,"column":null}},"4":{"start":{"line":8,"column":19},"end":{"line":15,"column":8}},"5":{"start":{"line":17,"column":6},"end":{"line":17,"column":24}},"6":{"start":{"line":18,"column":6},"end":{"line":18,"column":33}},"7":{"start":{"line":20,"column":6},"end":{"line":20,"column":34}},"8":{"start":{"line":24,"column":52},"end":{"line":31,"column":null}},"9":{"start":{"line":25,"column":4},"end":{"line":30,"column":null}},"10":{"start":{"line":26,"column":21},"end":{"line":26,"column":64}},"11":{"start":{"line":27,"column":6},"end":{"line":27,"column":35}},"12":{"start":{"line":29,"column":6},"end":{"line":29,"column":34}},"13":{"start":{"line":33,"column":57},"end":{"line":50,"column":null}},"14":{"start":{"line":34,"column":4},"end":{"line":49,"column":null}},"15":{"start":{"line":35,"column":19},"end":{"line":35,"column":53}},"16":{"start":{"line":36,"column":23},"end":{"line":36,"column":33}},"17":{"start":{"line":37,"column":19},"end":{"line":37,"column":34}},"18":{"start":{"line":38,"column":6},"end":{"line":38,"column":null}},"19":{"start":{"line":39,"column":6},"end":{"line":44,"column":null}},"20":{"start":{"line":40,"column":8},"end":{"line":40,"column":36}},"21":{"start":{"line":43,"column":8},"end":{"line":43,"column":36}},"22":{"start":{"line":45,"column":19},"end":{"line":45,"column":83}},"23":{"start":{"line":46,"column":6},"end":{"line":46,"column":null}},"24":{"start":{"line":48,"column":6},"end":{"line":48,"column":34}},"25":{"start":{"line":52,"column":53},"end":{"line":59,"column":null}},"26":{"start":{"line":53,"column":4},"end":{"line":58,"column":null}},"27":{"start":{"line":54,"column":24},"end":{"line":54,"column":70}},"28":{"start":{"line":55,"column":6},"end":{"line":55,"column":26}},"29":{"start":{"line":57,"column":6},"end":{"line":57,"column":34}},"30":{"start":{"line":62,"column":0},"end":{"line":62,"column":23}}},"fnMap":{"0":{"name":"(anonymous_7)","decl":{"start":{"line":6,"column":11},"end":{"line":6,"column":18}},"loc":{"start":{"line":6,"column":49},"end":{"line":22,"column":null}}},"1":{"name":"(anonymous_8)","decl":{"start":{"line":6,"column":49},"end":{"line":6,"column":null}},"loc":{"start":{"line":6,"column":49},"end":{"line":22,"column":3}}},"2":{"name":"(anonymous_9)","decl":{"start":{"line":24,"column":14},"end":{"line":24,"column":21}},"loc":{"start":{"line":24,"column":52},"end":{"line":31,"column":null}}},"3":{"name":"(anonymous_10)","decl":{"start":{"line":24,"column":52},"end":{"line":24,"column":null}},"loc":{"start":{"line":24,"column":52},"end":{"line":31,"column":3}}},"4":{"name":"(anonymous_11)","decl":{"start":{"line":33,"column":19},"end":{"line":33,"column":26}},"loc":{"start":{"line":33,"column":57},"end":{"line":50,"column":null}}},"5":{"name":"(anonymous_12)","decl":{"start":{"line":33,"column":57},"end":{"line":33,"column":null}},"loc":{"start":{"line":33,"column":57},"end":{"line":50,"column":3}}},"6":{"name":"(anonymous_13)","decl":{"start":{"line":52,"column":15},"end":{"line":52,"column":22}},"loc":{"start":{"line":52,"column":53},"end":{"line":59,"column":null}}},"7":{"name":"(anonymous_14)","decl":{"start":{"line":52,"column":53},"end":{"line":52,"column":null}},"loc":{"start":{"line":52,"column":53},"end":{"line":59,"column":3}}}},"branchMap":{"0":{"loc":{"start":{"line":39,"column":6},"end":{"line":44,"column":null}},"type":"if","locations":[{"start":{"line":39,"column":6},"end":{"line":44,"column":null}},{"start":{"line":42,"column":11},"end":{"line":44,"column":null}}]}},"s":{"0":1,"1":1,"2":1,"3":1,"4":1,"5":1,"6":1,"7":0,"8":1,"9":1,"10":1,"11":1,"12":0,"13":0,"14":0,"15":0,"16":0,"17":0,"18":0,"19":0,"20":0,"21":0,"22":0,"23":0,"24":0,"25":1,"26":1,"27":1,"28":1,"29":0,"30":1},"f":{"0":1,"1":1,"2":1,"3":1,"4":0,"5":0,"6":1,"7":1},"b":{"0":[0,0]}}
,"C:\\Users\\austi\\Desktop\\Listy-Project\\server\\routes\\posts.ts": {"path":"C:\\Users\\austi\\Desktop\\Listy-Project\\server\\routes\\posts.ts","statementMap":{"0":{"start":{"line":1,"column":15},"end":{"line":1,"column":42}},"1":{"start":{"line":2,"column":14},"end":{"line":2,"column":48}},"2":{"start":{"line":5,"column":0},"end":{"line":7,"column":3}},"3":{"start":{"line":6,"column":2},"end":{"line":6,"column":null}},"4":{"start":{"line":9,"column":0},"end":{"line":11,"column":3}},"5":{"start":{"line":10,"column":2},"end":{"line":10,"column":null}},"6":{"start":{"line":13,"column":0},"end":{"line":15,"column":3}},"7":{"start":{"line":14,"column":2},"end":{"line":14,"column":null}},"8":{"start":{"line":17,"column":0},"end":{"line":19,"column":3}},"9":{"start":{"line":18,"column":2},"end":{"line":18,"column":null}},"10":{"start":{"line":22,"column":0},"end":{"line":22,"column":24}}},"fnMap":{"0":{"name":"(anonymous_0)","decl":{"start":{"line":5,"column":17},"end":{"line":5,"column":18}},"loc":{"start":{"line":5,"column":49},"end":{"line":7,"column":1}}},"1":{"name":"(anonymous_1)","decl":{"start":{"line":9,"column":34},"end":{"line":9,"column":35}},"loc":{"start":{"line":9,"column":66},"end":{"line":11,"column":1}}},"2":{"name":"(anonymous_2)","decl":{"start":{"line":13,"column":24},"end":{"line":13,"column":25}},"loc":{"start":{"line":13,"column":56},"end":{"line":15,"column":1}}},"3":{"name":"(anonymous_3)","decl":{"start":{"line":17,"column":32},"end":{"line":17,"column":33}},"loc":{"start":{"line":17,"column":64},"end":{"line":19,"column":1}}}},"branchMap":{},"s":{"0":1,"1":1,"2":1,"3":1,"4":1,"5":1,"6":1,"7":0,"8":1,"9":1,"10":1},"f":{"0":1,"1":1,"2":0,"3":1},"b":{}}
}
